<?xml version="1.0" encoding="UTF-8"?>
<!-- Generated by org.testng.reporters.JUnitReportReporter -->
<testsuite skipped="0" hostname="hydws72767" name="FirstDemo" tests="2" failures="0" timestamp="21 Feb 2019 10:18:58 GMT" time="0.007" errors="0">
  <testcase name="s" time="0.001" classname="FirstDemo"/>
  <testcase name="a" time="0.006" classname="FirstDemo"/>
</testsuite> <!-- FirstDemo -->
